apps/tv-app-legacy/android/app/build/intermediates/manifest_merge_blame_file/release/processReleaseMainManifest/manifest-merger-blame-release-report.txt
1<?xml version="1.0" encoding="utf-8"?>
2<manifest xmlns:android="http://schemas.android.com/apk/res/android"
3    package="com.neofilm.tv.legacy"
4    android:versionCode="17"
5    android:versionName="0.4.9" >
6
7    <uses-sdk
8        android:minSdkVersion="26"
9        android:targetSdkVersion="35" />
10
11    <!-- Query all installed apps (needed for app launcher on Android 11+ / API 30+) -->
12    <uses-permission android:name="android.permission.QUERY_ALL_PACKAGES" />
12-->src\main\AndroidManifest.xml:6:5-7:53
12-->src\main\AndroidManifest.xml:6:22-74
13    <uses-permission android:name="android.permission.INTERNET" />
13-->src\main\AndroidManifest.xml:9:5-67
13-->src\main\AndroidManifest.xml:9:22-64
14    <uses-permission android:name="android.permission.ACCESS_NETWORK_STATE" />
14-->src\main\AndroidManifest.xml:10:5-79
14-->src\main\AndroidManifest.xml:10:22-76
15    <uses-permission android:name="android.permission.RECEIVE_BOOT_COMPLETED" />
15-->src\main\AndroidManifest.xml:11:5-81
15-->src\main\AndroidManifest.xml:11:22-78
16    <uses-permission android:name="android.permission.WAKE_LOCK" />
16-->src\main\AndroidManifest.xml:12:5-68
16-->src\main\AndroidManifest.xml:12:22-65
17    <uses-permission android:name="android.permission.FOREGROUND_SERVICE" />
17-->src\main\AndroidManifest.xml:13:5-77
17-->src\main\AndroidManifest.xml:13:22-74
18    <uses-permission android:name="android.permission.FOREGROUND_SERVICE_SPECIAL_USE" />
18-->src\main\AndroidManifest.xml:14:5-89
18-->src\main\AndroidManifest.xml:14:22-86
19    <uses-permission android:name="android.permission.SYSTEM_ALERT_WINDOW" />
19-->src\main\AndroidManifest.xml:15:5-78
19-->src\main\AndroidManifest.xml:15:22-75
20    <uses-permission android:name="android.permission.REQUEST_INSTALL_PACKAGES" />
20-->src\main\AndroidManifest.xml:16:5-83
20-->src\main\AndroidManifest.xml:16:22-80
21    <!--
22         Android 12+ (API 31): allows the app to update ITSELF without showing
23         the system installer prompt, when the new APK is signed with the same
24         key and the install is committed via PackageInstaller with
25         USER_ACTION_NOT_REQUIRED. This is the silent-OTA fallback when the
26         device is NOT provisioned as Device Owner (typical on Fire Stick which
27         Amazon locks down with its parentalcontrols profile owner).
28    -->
29    <uses-permission android:name="android.permission.UPDATE_PACKAGES_WITHOUT_USER_ACTION" />
29-->src\main\AndroidManifest.xml:23:5-94
29-->src\main\AndroidManifest.xml:23:22-91
30    <uses-permission android:name="android.permission.REQUEST_IGNORE_BATTERY_OPTIMIZATIONS" />
30-->src\main\AndroidManifest.xml:24:5-95
30-->src\main\AndroidManifest.xml:24:22-92
31    <!--
32         WorkManager occasionally promotes to a foreground service for guaranteed
33         execution. Without this declaration Android 14+ rejects the promotion.
34    -->
35    <uses-permission android:name="android.permission.FOREGROUND_SERVICE_DATA_SYNC" />
35-->src\main\AndroidManifest.xml:27:5-87
35-->src\main\AndroidManifest.xml:27:22-84
36    <!--
37         Required for the kiosk watchdog: lets AdOverlayService poll the
38         current foreground app via UsageStatsManager and re-launch NeoFilm
39         when Amazon launcher takes over. Special access — the user must grant
40         it once in Settings → Apps → Special access → Usage access.
41    -->
42    <uses-permission android:name="android.permission.PACKAGE_USAGE_STATS" />
42-->src\main\AndroidManifest.xml:32:5-33:47
42-->src\main\AndroidManifest.xml:32:22-75
43
44    <!-- Android TV / Leanback optional -->
45    <uses-feature
45-->src\main\AndroidManifest.xml:36:5-87
46        android:name="android.software.leanback"
46-->src\main\AndroidManifest.xml:36:19-59
47        android:required="false" />
47-->src\main\AndroidManifest.xml:36:60-84
48    <uses-feature
48-->src\main\AndroidManifest.xml:37:5-90
49        android:name="android.hardware.touchscreen"
49-->src\main\AndroidManifest.xml:37:19-62
50        android:required="false" />
50-->src\main\AndroidManifest.xml:37:63-87
51
52    <permission
52-->[androidx.core:core:1.9.0] AndroidManifest.xml:22:5-24:47
53        android:name="com.neofilm.tv.legacy.DYNAMIC_RECEIVER_NOT_EXPORTED_PERMISSION"
53-->[androidx.core:core:1.9.0] AndroidManifest.xml:23:9-81
54        android:protectionLevel="signature" />
54-->[androidx.core:core:1.9.0] AndroidManifest.xml:24:9-44
55
56    <uses-permission android:name="com.neofilm.tv.legacy.DYNAMIC_RECEIVER_NOT_EXPORTED_PERMISSION" />
56-->[androidx.core:core:1.9.0] AndroidManifest.xml:26:5-97
56-->[androidx.core:core:1.9.0] AndroidManifest.xml:26:22-94
57
58    <application
58-->src\main\AndroidManifest.xml:39:5-136:19
59        android:appComponentFactory="androidx.core.app.CoreComponentFactory"
59-->[androidx.core:core:1.9.0] AndroidManifest.xml:28:18-86
60        android:extractNativeLibs="false"
61        android:hardwareAccelerated="true"
61-->src\main\AndroidManifest.xml:46:9-43
62        android:icon="@mipmap/ic_launcher"
62-->src\main\AndroidManifest.xml:41:9-43
63        android:label="NeoFilm TV"
63-->src\main\AndroidManifest.xml:40:9-35
64        android:networkSecurityConfig="@xml/network_security_config"
64-->src\main\AndroidManifest.xml:44:9-69
65        android:roundIcon="@mipmap/ic_launcher_round"
65-->src\main\AndroidManifest.xml:42:9-54
66        android:supportsRtl="true"
66-->src\main\AndroidManifest.xml:43:9-35
67        android:usesCleartextTraffic="true" >
67-->src\main\AndroidManifest.xml:45:9-44
68        <activity
68-->src\main\AndroidManifest.xml:48:9-63:20
69            android:name="com.neofilm.tv.MainActivity"
69-->src\main\AndroidManifest.xml:49:13-41
70            android:configChanges="orientation|screenSize|keyboard|keyboardHidden|navigation"
70-->src\main\AndroidManifest.xml:53:13-94
71            android:exported="true"
71-->src\main\AndroidManifest.xml:50:13-36
72            android:immersive="true"
72-->src\main\AndroidManifest.xml:55:13-37
73            android:launchMode="singleTask"
73-->src\main\AndroidManifest.xml:51:13-44
74            android:screenOrientation="landscape"
74-->src\main\AndroidManifest.xml:52:13-50
75            android:theme="@style/Theme.NeoFilm.Fullscreen" >
75-->src\main\AndroidManifest.xml:54:13-60
76            <intent-filter>
76-->src\main\AndroidManifest.xml:56:13-62:29
77                <action android:name="android.intent.action.MAIN" />
77-->src\main\AndroidManifest.xml:57:17-69
77-->src\main\AndroidManifest.xml:57:25-66
78
79                <category android:name="android.intent.category.LAUNCHER" />
79-->src\main\AndroidManifest.xml:58:17-77
79-->src\main\AndroidManifest.xml:58:27-74
80                <category android:name="android.intent.category.LEANBACK_LAUNCHER" />
80-->src\main\AndroidManifest.xml:59:17-86
80-->src\main\AndroidManifest.xml:59:27-83
81                <category android:name="android.intent.category.HOME" />
81-->src\main\AndroidManifest.xml:60:17-73
81-->src\main\AndroidManifest.xml:60:27-70
82                <category android:name="android.intent.category.DEFAULT" />
82-->src\main\AndroidManifest.xml:61:17-76
82-->src\main\AndroidManifest.xml:61:27-73
83            </intent-filter>
84        </activity>
85        <activity
85-->src\main\AndroidManifest.xml:65:9-75:40
86            android:name="com.neofilm.tv.AdActivity"
86-->src\main\AndroidManifest.xml:66:13-39
87            android:excludeFromRecents="true"
87-->src\main\AndroidManifest.xml:74:13-46
88            android:exported="false"
88-->src\main\AndroidManifest.xml:67:13-37
89            android:hardwareAccelerated="true"
89-->src\main\AndroidManifest.xml:72:13-47
90            android:immersive="true"
90-->src\main\AndroidManifest.xml:73:13-37
91            android:launchMode="singleInstance"
91-->src\main\AndroidManifest.xml:68:13-48
92            android:noHistory="true"
92-->src\main\AndroidManifest.xml:75:13-37
93            android:screenOrientation="landscape"
93-->src\main\AndroidManifest.xml:70:13-50
94            android:taskAffinity="com.neofilm.tv.legacy.ads"
94-->src\main\AndroidManifest.xml:69:13-61
95            android:theme="@style/Theme.NeoFilm.Fullscreen" />
95-->src\main\AndroidManifest.xml:71:13-60
96
97        <service
97-->src\main\AndroidManifest.xml:77:9-80:58
98            android:name="com.neofilm.tv.AdOverlayService"
98-->src\main\AndroidManifest.xml:78:13-45
99            android:exported="false"
99-->src\main\AndroidManifest.xml:79:13-37
100            android:foregroundServiceType="specialUse" />
100-->src\main\AndroidManifest.xml:80:13-55
101
102        <provider
103            android:name="androidx.core.content.FileProvider"
103-->src\main\AndroidManifest.xml:83:13-62
104            android:authorities="com.neofilm.tv.legacy.fileprovider"
104-->src\main\AndroidManifest.xml:84:13-64
105            android:exported="false"
105-->src\main\AndroidManifest.xml:85:13-37
106            android:grantUriPermissions="true" >
106-->src\main\AndroidManifest.xml:86:13-47
107            <meta-data
107-->src\main\AndroidManifest.xml:87:13-89:54
108                android:name="android.support.FILE_PROVIDER_PATHS"
108-->src\main\AndroidManifest.xml:88:17-67
109                android:resource="@xml/file_paths" />
109-->src\main\AndroidManifest.xml:89:17-51
110        </provider>
111
112        <receiver
112-->src\main\AndroidManifest.xml:92:9-100:20
113            android:name="com.neofilm.tv.BootReceiver"
113-->src\main\AndroidManifest.xml:93:13-41
114            android:enabled="true"
114-->src\main\AndroidManifest.xml:94:13-35
115            android:exported="true" >
115-->src\main\AndroidManifest.xml:95:13-36
116            <intent-filter android:priority="999" >
116-->src\main\AndroidManifest.xml:96:13-99:29
116-->src\main\AndroidManifest.xml:96:28-50
117                <action android:name="android.intent.action.BOOT_COMPLETED" />
117-->src\main\AndroidManifest.xml:97:17-79
117-->src\main\AndroidManifest.xml:97:25-76
118                <action android:name="android.intent.action.SCREEN_ON" />
118-->src\main\AndroidManifest.xml:98:17-74
118-->src\main\AndroidManifest.xml:98:25-71
119            </intent-filter>
120        </receiver>
121
122        <!--
123             External-to-process keepalive. Fires via AlarmManager every minute
124             so AdOverlayService comes back even after Android killed the
125             whole NeoFilm process (long TNT sessions, OOM, etc.).
126        -->
127        <receiver
127-->src\main\AndroidManifest.xml:105:9-112:20
128            android:name="com.neofilm.tv.WatchdogAlarmReceiver"
128-->src\main\AndroidManifest.xml:106:13-50
129            android:enabled="true"
129-->src\main\AndroidManifest.xml:107:13-35
130            android:exported="false" >
130-->src\main\AndroidManifest.xml:108:13-37
131            <intent-filter>
131-->src\main\AndroidManifest.xml:109:13-111:29
132                <action android:name="com.neofilm.tv.WATCHDOG_TICK" />
132-->src\main\AndroidManifest.xml:110:17-71
132-->src\main\AndroidManifest.xml:110:25-68
133            </intent-filter>
134        </receiver>
135        <receiver
135-->src\main\AndroidManifest.xml:114:9-124:20
136            android:name="com.neofilm.tv.NeoFilmDeviceAdmin"
136-->src\main\AndroidManifest.xml:115:13-47
137            android:exported="true"
137-->src\main\AndroidManifest.xml:116:13-36
138            android:permission="android.permission.BIND_DEVICE_ADMIN" >
138-->src\main\AndroidManifest.xml:117:13-70
139            <meta-data
139-->src\main\AndroidManifest.xml:118:13-120:56
140                android:name="android.app.device_admin"
140-->src\main\AndroidManifest.xml:119:17-56
141                android:resource="@xml/device_admin" />
141-->src\main\AndroidManifest.xml:120:17-53
142
143            <intent-filter>
143-->src\main\AndroidManifest.xml:121:13-123:29
144                <action android:name="android.app.action.DEVICE_ADMIN_ENABLED" />
144-->src\main\AndroidManifest.xml:122:17-82
144-->src\main\AndroidManifest.xml:122:25-79
145            </intent-filter>
146        </receiver>
147
148        <!--
149             OTA install result receiver. Gets the system PackageInstaller
150             callback (success / failure / pending user action) and forwards
151             the outcome to the backend.
152        -->
153        <receiver
153-->src\main\AndroidManifest.xml:129:9-135:20
154            android:name="com.neofilm.tv.UpdateManager$InstallResultReceiver"
154-->src\main\AndroidManifest.xml:130:13-64
155            android:exported="false" >
155-->src\main\AndroidManifest.xml:131:13-37
156            <intent-filter>
156-->src\main\AndroidManifest.xml:132:13-134:29
157                <action android:name="com.neofilm.tv.INSTALL_RESULT" />
157-->src\main\AndroidManifest.xml:133:17-72
157-->src\main\AndroidManifest.xml:133:25-69
158            </intent-filter>
159        </receiver>
160
161        <provider
161-->[androidx.work:work-runtime:2.9.1] AndroidManifest.xml:29:9-37:20
162            android:name="androidx.startup.InitializationProvider"
162-->[androidx.work:work-runtime:2.9.1] AndroidManifest.xml:30:13-67
163            android:authorities="com.neofilm.tv.legacy.androidx-startup"
163-->[androidx.work:work-runtime:2.9.1] AndroidManifest.xml:31:13-68
164            android:exported="false" >
164-->[androidx.work:work-runtime:2.9.1] AndroidManifest.xml:32:13-37
165            <meta-data
165-->[androidx.work:work-runtime:2.9.1] AndroidManifest.xml:34:13-36:52
166                android:name="androidx.work.WorkManagerInitializer"
166-->[androidx.work:work-runtime:2.9.1] AndroidManifest.xml:35:17-68
167                android:value="androidx.startup" />
167-->[androidx.work:work-runtime:2.9.1] AndroidManifest.xml:36:17-49
168            <meta-data
168-->[androidx.emoji2:emoji2:1.2.0] AndroidManifest.xml:29:13-31:52
169                android:name="androidx.emoji2.text.EmojiCompatInitializer"
169-->[androidx.emoji2:emoji2:1.2.0] AndroidManifest.xml:30:17-75
170                android:value="androidx.startup" />
170-->[androidx.emoji2:emoji2:1.2.0] AndroidManifest.xml:31:17-49
171            <meta-data
171-->[androidx.lifecycle:lifecycle-process:2.4.1] AndroidManifest.xml:31:13-33:52
172                android:name="androidx.lifecycle.ProcessLifecycleInitializer"
172-->[androidx.lifecycle:lifecycle-process:2.4.1] AndroidManifest.xml:32:17-78
173                android:value="androidx.startup" />
173-->[androidx.lifecycle:lifecycle-process:2.4.1] AndroidManifest.xml:33:17-49
174        </provider>
175
176        <service
176-->[androidx.work:work-runtime:2.9.1] AndroidManifest.xml:39:9-45:35
177            android:name="androidx.work.impl.background.systemalarm.SystemAlarmService"
177-->[androidx.work:work-runtime:2.9.1] AndroidManifest.xml:40:13-88
178            android:directBootAware="false"
178-->[androidx.work:work-runtime:2.9.1] AndroidManifest.xml:41:13-44
179            android:enabled="@bool/enable_system_alarm_service_default"
179-->[androidx.work:work-runtime:2.9.1] AndroidManifest.xml:42:13-72
180            android:exported="false" />
180-->[androidx.work:work-runtime:2.9.1] AndroidManifest.xml:43:13-37
181        <service
181-->[androidx.work:work-runtime:2.9.1] AndroidManifest.xml:46:9-52:35
182            android:name="androidx.work.impl.background.systemjob.SystemJobService"
182-->[androidx.work:work-runtime:2.9.1] AndroidManifest.xml:47:13-84
183            android:directBootAware="false"
183-->[androidx.work:work-runtime:2.9.1] AndroidManifest.xml:48:13-44
184            android:enabled="@bool/enable_system_job_service_default"
184-->[androidx.work:work-runtime:2.9.1] AndroidManifest.xml:49:13-70
185            android:exported="true"
185-->[androidx.work:work-runtime:2.9.1] AndroidManifest.xml:50:13-36
186            android:permission="android.permission.BIND_JOB_SERVICE" />
186-->[androidx.work:work-runtime:2.9.1] AndroidManifest.xml:51:13-69
187        <service
187-->[androidx.work:work-runtime:2.9.1] AndroidManifest.xml:53:9-59:35
188            android:name="androidx.work.impl.foreground.SystemForegroundService"
188-->[androidx.work:work-runtime:2.9.1] AndroidManifest.xml:54:13-81
189            android:directBootAware="false"
189-->[androidx.work:work-runtime:2.9.1] AndroidManifest.xml:55:13-44
190            android:enabled="@bool/enable_system_foreground_service_default"
190-->[androidx.work:work-runtime:2.9.1] AndroidManifest.xml:56:13-77
191            android:exported="false" />
191-->[androidx.work:work-runtime:2.9.1] AndroidManifest.xml:57:13-37
192
193        <receiver
193-->[androidx.work:work-runtime:2.9.1] AndroidManifest.xml:61:9-66:35
194            android:name="androidx.work.impl.utils.ForceStopRunnable$BroadcastReceiver"
194-->[androidx.work:work-runtime:2.9.1] AndroidManifest.xml:62:13-88
195            android:directBootAware="false"
195-->[androidx.work:work-runtime:2.9.1] AndroidManifest.xml:63:13-44
196            android:enabled="true"
196-->[androidx.work:work-runtime:2.9.1] AndroidManifest.xml:64:13-35
197            android:exported="false" />
197-->[androidx.work:work-runtime:2.9.1] AndroidManifest.xml:65:13-37
198        <receiver
198-->[androidx.work:work-runtime:2.9.1] AndroidManifest.xml:67:9-77:20
199            android:name="androidx.work.impl.background.systemalarm.ConstraintProxy$BatteryChargingProxy"
199-->[androidx.work:work-runtime:2.9.1] AndroidManifest.xml:68:13-106
200            android:directBootAware="false"
200-->[androidx.work:work-runtime:2.9.1] AndroidManifest.xml:69:13-44
201            android:enabled="false"
201-->[androidx.work:work-runtime:2.9.1] AndroidManifest.xml:70:13-36
202            android:exported="false" >
202-->[androidx.work:work-runtime:2.9.1] AndroidManifest.xml:71:13-37
203            <intent-filter>
203-->[androidx.work:work-runtime:2.9.1] AndroidManifest.xml:73:13-76:29
204                <action android:name="android.intent.action.ACTION_POWER_CONNECTED" />
204-->[androidx.work:work-runtime:2.9.1] AndroidManifest.xml:74:17-87
204-->[androidx.work:work-runtime:2.9.1] AndroidManifest.xml:74:25-84
205                <action android:name="android.intent.action.ACTION_POWER_DISCONNECTED" />
205-->[androidx.work:work-runtime:2.9.1] AndroidManifest.xml:75:17-90
205-->[androidx.work:work-runtime:2.9.1] AndroidManifest.xml:75:25-87
206            </intent-filter>
207        </receiver>
208        <receiver
208-->[androidx.work:work-runtime:2.9.1] AndroidManifest.xml:78:9-88:20
209            android:name="androidx.work.impl.background.systemalarm.ConstraintProxy$BatteryNotLowProxy"
209-->[androidx.work:work-runtime:2.9.1] AndroidManifest.xml:79:13-104
210            android:directBootAware="false"
210-->[androidx.work:work-runtime:2.9.1] AndroidManifest.xml:80:13-44
211            android:enabled="false"
211-->[androidx.work:work-runtime:2.9.1] AndroidManifest.xml:81:13-36
212            android:exported="false" >
212-->[androidx.work:work-runtime:2.9.1] AndroidManifest.xml:82:13-37
213            <intent-filter>
213-->[androidx.work:work-runtime:2.9.1] AndroidManifest.xml:84:13-87:29
214                <action android:name="android.intent.action.BATTERY_OKAY" />
214-->[androidx.work:work-runtime:2.9.1] AndroidManifest.xml:85:17-77
214-->[androidx.work:work-runtime:2.9.1] AndroidManifest.xml:85:25-74
215                <action android:name="android.intent.action.BATTERY_LOW" />
215-->[androidx.work:work-runtime:2.9.1] AndroidManifest.xml:86:17-76
215-->[androidx.work:work-runtime:2.9.1] AndroidManifest.xml:86:25-73
216            </intent-filter>
217        </receiver>
218        <receiver
218-->[androidx.work:work-runtime:2.9.1] AndroidManifest.xml:89:9-99:20
219            android:name="androidx.work.impl.background.systemalarm.ConstraintProxy$StorageNotLowProxy"
219-->[androidx.work:work-runtime:2.9.1] AndroidManifest.xml:90:13-104
220            android:directBootAware="false"
220-->[androidx.work:work-runtime:2.9.1] AndroidManifest.xml:91:13-44
221            android:enabled="false"
221-->[androidx.work:work-runtime:2.9.1] AndroidManifest.xml:92:13-36
222            android:exported="false" >
222-->[androidx.work:work-runtime:2.9.1] AndroidManifest.xml:93:13-37
223            <intent-filter>
223-->[androidx.work:work-runtime:2.9.1] AndroidManifest.xml:95:13-98:29
224                <action android:name="android.intent.action.DEVICE_STORAGE_LOW" />
224-->[androidx.work:work-runtime:2.9.1] AndroidManifest.xml:96:17-83
224-->[androidx.work:work-runtime:2.9.1] AndroidManifest.xml:96:25-80
225                <action android:name="android.intent.action.DEVICE_STORAGE_OK" />
225-->[androidx.work:work-runtime:2.9.1] AndroidManifest.xml:97:17-82
225-->[androidx.work:work-runtime:2.9.1] AndroidManifest.xml:97:25-79
226            </intent-filter>
227        </receiver>
228        <receiver
228-->[androidx.work:work-runtime:2.9.1] AndroidManifest.xml:100:9-109:20
229            android:name="androidx.work.impl.background.systemalarm.ConstraintProxy$NetworkStateProxy"
229-->[androidx.work:work-runtime:2.9.1] AndroidManifest.xml:101:13-103
230            android:directBootAware="false"
230-->[androidx.work:work-runtime:2.9.1] AndroidManifest.xml:102:13-44
231            android:enabled="false"
231-->[androidx.work:work-runtime:2.9.1] AndroidManifest.xml:103:13-36
232            android:exported="false" >
232-->[androidx.work:work-runtime:2.9.1] AndroidManifest.xml:104:13-37
233            <intent-filter>
233-->[androidx.work:work-runtime:2.9.1] AndroidManifest.xml:106:13-108:29
234                <action android:name="android.net.conn.CONNECTIVITY_CHANGE" />
234-->[androidx.work:work-runtime:2.9.1] AndroidManifest.xml:107:17-79
234-->[androidx.work:work-runtime:2.9.1] AndroidManifest.xml:107:25-76
235            </intent-filter>
236        </receiver>
237        <receiver
237-->[androidx.work:work-runtime:2.9.1] AndroidManifest.xml:110:9-121:20
238            android:name="androidx.work.impl.background.systemalarm.RescheduleReceiver"
238-->[androidx.work:work-runtime:2.9.1] AndroidManifest.xml:111:13-88
239            android:directBootAware="false"
239-->[androidx.work:work-runtime:2.9.1] AndroidManifest.xml:112:13-44
240            android:enabled="false"
240-->[androidx.work:work-runtime:2.9.1] AndroidManifest.xml:113:13-36
241            android:exported="false" >
241-->[androidx.work:work-runtime:2.9.1] AndroidManifest.xml:114:13-37
242            <intent-filter>
242-->[androidx.work:work-runtime:2.9.1] AndroidManifest.xml:116:13-120:29
243                <action android:name="android.intent.action.BOOT_COMPLETED" />
243-->src\main\AndroidManifest.xml:97:17-79
243-->src\main\AndroidManifest.xml:97:25-76
244                <action android:name="android.intent.action.TIME_SET" />
244-->[androidx.work:work-runtime:2.9.1] AndroidManifest.xml:118:17-73
244-->[androidx.work:work-runtime:2.9.1] AndroidManifest.xml:118:25-70
245                <action android:name="android.intent.action.TIMEZONE_CHANGED" />
245-->[androidx.work:work-runtime:2.9.1] AndroidManifest.xml:119:17-81
245-->[androidx.work:work-runtime:2.9.1] AndroidManifest.xml:119:25-78
246            </intent-filter>
247        </receiver>
248        <receiver
248-->[androidx.work:work-runtime:2.9.1] AndroidManifest.xml:122:9-131:20
249            android:name="androidx.work.impl.background.systemalarm.ConstraintProxyUpdateReceiver"
249-->[androidx.work:work-runtime:2.9.1] AndroidManifest.xml:123:13-99
250            android:directBootAware="false"
250-->[androidx.work:work-runtime:2.9.1] AndroidManifest.xml:124:13-44
251            android:enabled="@bool/enable_system_alarm_service_default"
251-->[androidx.work:work-runtime:2.9.1] AndroidManifest.xml:125:13-72
252            android:exported="false" >
252-->[androidx.work:work-runtime:2.9.1] AndroidManifest.xml:126:13-37
253            <intent-filter>
253-->[androidx.work:work-runtime:2.9.1] AndroidManifest.xml:128:13-130:29
254                <action android:name="androidx.work.impl.background.systemalarm.UpdateProxies" />
254-->[androidx.work:work-runtime:2.9.1] AndroidManifest.xml:129:17-98
254-->[androidx.work:work-runtime:2.9.1] AndroidManifest.xml:129:25-95
255            </intent-filter>
256        </receiver>
257        <receiver
257-->[androidx.work:work-runtime:2.9.1] AndroidManifest.xml:132:9-142:20
258            android:name="androidx.work.impl.diagnostics.DiagnosticsReceiver"
258-->[androidx.work:work-runtime:2.9.1] AndroidManifest.xml:133:13-78
259            android:directBootAware="false"
259-->[androidx.work:work-runtime:2.9.1] AndroidManifest.xml:134:13-44
260            android:enabled="true"
260-->[androidx.work:work-runtime:2.9.1] AndroidManifest.xml:135:13-35
261            android:exported="true"
261-->[androidx.work:work-runtime:2.9.1] AndroidManifest.xml:136:13-36
262            android:permission="android.permission.DUMP" >
262-->[androidx.work:work-runtime:2.9.1] AndroidManifest.xml:137:13-57
263            <intent-filter>
263-->[androidx.work:work-runtime:2.9.1] AndroidManifest.xml:139:13-141:29
264                <action android:name="androidx.work.diagnostics.REQUEST_DIAGNOSTICS" />
264-->[androidx.work:work-runtime:2.9.1] AndroidManifest.xml:140:17-88
264-->[androidx.work:work-runtime:2.9.1] AndroidManifest.xml:140:25-85
265            </intent-filter>
266        </receiver>
267
268        <service
268-->[androidx.room:room-runtime:2.5.0] AndroidManifest.xml:24:9-28:63
269            android:name="androidx.room.MultiInstanceInvalidationService"
269-->[androidx.room:room-runtime:2.5.0] AndroidManifest.xml:25:13-74
270            android:directBootAware="true"
270-->[androidx.room:room-runtime:2.5.0] AndroidManifest.xml:26:13-43
271            android:exported="false" />
271-->[androidx.room:room-runtime:2.5.0] AndroidManifest.xml:27:13-37
272    </application>
273
274</manifest>